<?xml version="1.0" encoding="UTF-8"?>
<!-- Generated by org.testng.reporters.JUnitReportReporter -->
<testsuite hostname="DESKTOP-AL31QFP" failures="0" tests="10" name="com.myTests.LoginPageTest" time="61.654" errors="0" timestamp="2023-02-14T16:22:07 EST" skipped="0">
  <testcase classname="com.myTests.LoginPageTest" name="verifyLoginPageTitletest" time="3.468"/>
  <system-out/>
  <testcase classname="com.myTests.LoginPageTest" name="verifyLoginPageTitletest" time="3.282"/>
  <system-out/>
  <testcase classname="com.myTests.LoginPageTest" name="verifyLoginPageHeadertest" time="3.101"/>
  <system-out/>
  <testcase classname="com.myTests.LoginPageTest" name="verifyLoginPageHeadertest" time="4.036"/>
  <system-out/>
  <testcase classname="com.myTests.LoginPageTest" name="doLoginTestUsingDataProvider" time="8.840"/>
  <system-out/>
  <testcase classname="com.myTests.LoginPageTest" name="doLoginTestUsingPropFile" time="5.810"/>
  <system-out/>
  <testcase classname="com.myTests.LoginPageTest" name="doLoginTestUsingDataProvider" time="9.808"/>
  <system-out/>
  <testcase classname="com.myTests.LoginPageTest" name="doLoginTestUsingDataProvider" time="8.886"/>
  <system-out/>
  <testcase classname="com.myTests.LoginPageTest" name="doLoginTestUsingPropFile" time="5.044"/>
  <system-out/>
  <testcase classname="com.myTests.LoginPageTest" name="doLoginTestUsingDataProvider" time="9.379"/>
  <system-out/>
</testsuite> <!-- com.myTests.LoginPageTest -->
