<?xml version="1.0" encoding="UTF-8"?>
<!-- Generated by org.testng.reporters.JUnitReportReporter -->
<testsuite hostname="DESKTOP-AL31QFP" failures="0" tests="3" name="com.myTests.LoginPageTest" time="17.164" errors="0" timestamp="2023-02-13T23:07:12 EST" skipped="0">
  <testcase classname="com.myTests.LoginPageTest" name="verifyLoginPageTitletest" time="4.837"/>
  <system-out/>
  <testcase classname="com.myTests.LoginPageTest" name="verifyLoginPageHeadertest" time="6.668"/>
  <system-out/>
  <testcase classname="com.myTests.LoginPageTest" name="doLoginTest" time="5.659"/>
  <system-out/>
</testsuite> <!-- com.myTests.LoginPageTest -->
