<?xml version="1.0" encoding="UTF-8"?>
<!-- Generated by org.testng.reporters.JUnitReportReporter -->
<testsuite hostname="DESKTOP-AL31QFP" failures="0" tests="1" name="test_scenarios.TestMethods_GoogleSearch" time="2.120" errors="0" timestamp="2023-02-13T16:58:26 EST" skipped="0">
  <testcase classname="test_scenarios.TestMethods_GoogleSearch" name="searchOperations" time="2.120"/>
  <system-out/>
</testsuite> <!-- test_scenarios.TestMethods_GoogleSearch -->
